Copyright 1986-2021 Xilinx, Inc. All Rights Reserved.
------------------------------------------------------------------------------------
| Tool Version : Vivado v.2021.2 (lin64) Build 3367213 Tue Oct 19 02:47:39 MDT 2021
| Date         : Tue May 10 07:51:44 2022
| Host         : zain-PROJECT-SKU-NAME running 64-bit Ubuntu 18.04.2 LTS
| Command      : upgrade_ip
| Device       : xc7z010clg400-1
------------------------------------------------------------------------------------

Upgrade Log for IP 'design_1_calculator_ip_0_1'

1. Summary
----------

SUCCESS in the upgrade of design_1_calculator_ip_0_1 (user.org:user:calculator_ip:1.0) from (Rev. 10) to (Rev. 11)






Copyright 1986-2021 Xilinx, Inc. All Rights Reserved.
------------------------------------------------------------------------------------
| Tool Version : Vivado v.2021.2 (lin64) Build 3367213 Tue Oct 19 02:47:39 MDT 2021
| Date         : Mon May  9 20:45:27 2022
| Host         : zain-PROJECT-SKU-NAME running 64-bit Ubuntu 18.04.2 LTS
| Command      : upgrade_ip
| Device       : xc7z010clg400-1
------------------------------------------------------------------------------------

Upgrade Log for IP 'design_1_calculator_ip_0_1'

1. Summary
----------

SUCCESS in the upgrade of design_1_calculator_ip_0_1 (user.org:user:calculator_ip:1.0) from (Rev. 9) to (Rev. 10)






Copyright 1986-2021 Xilinx, Inc. All Rights Reserved.
------------------------------------------------------------------------------------
| Tool Version : Vivado v.2021.2 (lin64) Build 3367213 Tue Oct 19 02:47:39 MDT 2021
| Date         : Mon May  9 19:56:07 2022
| Host         : zain-PROJECT-SKU-NAME running 64-bit Ubuntu 18.04.2 LTS
| Command      : upgrade_ip
| Device       : xc7z010clg400-1
------------------------------------------------------------------------------------

Upgrade Log for IP 'design_1_calculator_ip_0_1'

1. Summary
----------

SUCCESS in the upgrade of design_1_calculator_ip_0_1 (user.org:user:calculator_ip:1.0) from (Rev. 8) to (Rev. 9)






Copyright 1986-2021 Xilinx, Inc. All Rights Reserved.
------------------------------------------------------------------------------------
| Tool Version : Vivado v.2021.2 (lin64) Build 3367213 Tue Oct 19 02:47:39 MDT 2021
| Date         : Mon May  9 19:52:33 2022
| Host         : zain-PROJECT-SKU-NAME running 64-bit Ubuntu 18.04.2 LTS
| Command      : upgrade_ip
| Device       : xc7z010clg400-1
------------------------------------------------------------------------------------

Upgrade Log for IP 'design_1_calculator_ip_0_1'

1. Summary
----------

SUCCESS in the upgrade of design_1_calculator_ip_0_1 (user.org:user:calculator_ip:1.0) from (Rev. 7) to (Rev. 8)






Copyright 1986-2021 Xilinx, Inc. All Rights Reserved.
------------------------------------------------------------------------------------
| Tool Version : Vivado v.2021.2 (lin64) Build 3367213 Tue Oct 19 02:47:39 MDT 2021
| Date         : Mon May  9 19:48:07 2022
| Host         : zain-PROJECT-SKU-NAME running 64-bit Ubuntu 18.04.2 LTS
| Command      : upgrade_ip
| Device       : xc7z010clg400-1
------------------------------------------------------------------------------------

Upgrade Log for IP 'design_1_calculator_ip_0_1'

1. Summary
----------

SUCCESS in the upgrade of design_1_calculator_ip_0_1 (user.org:user:calculator_ip:1.0) from (Rev. 6) to (Rev. 7)






Copyright 1986-2021 Xilinx, Inc. All Rights Reserved.
------------------------------------------------------------------------------------
| Tool Version : Vivado v.2021.2 (lin64) Build 3367213 Tue Oct 19 02:47:39 MDT 2021
| Date         : Mon May  9 18:58:36 2022
| Host         : zain-PROJECT-SKU-NAME running 64-bit Ubuntu 18.04.2 LTS
| Command      : upgrade_ip
| Device       : xc7z010clg400-1
------------------------------------------------------------------------------------

Upgrade Log for IP 'design_1_calculator_ip_0_1'

1. Summary
----------

SUCCESS in the upgrade of design_1_calculator_ip_0_1 (user.org:user:calculator_ip:1.0) from (Rev. 5) to (Rev. 6)






Copyright 1986-2021 Xilinx, Inc. All Rights Reserved.
------------------------------------------------------------------------------------
| Tool Version : Vivado v.2021.2 (lin64) Build 3367213 Tue Oct 19 02:47:39 MDT 2021
| Date         : Mon May  9 18:54:19 2022
| Host         : zain-PROJECT-SKU-NAME running 64-bit Ubuntu 18.04.2 LTS
| Command      : upgrade_ip
| Device       : xc7z010clg400-1
------------------------------------------------------------------------------------

Upgrade Log for IP 'design_1_calculator_ip_0_1'

1. Summary
----------

SUCCESS in the upgrade of design_1_calculator_ip_0_1 (user.org:user:calculator_ip:1.0) from (Rev. 4) to (Rev. 5)






Copyright 1986-2021 Xilinx, Inc. All Rights Reserved.
------------------------------------------------------------------------------------
| Tool Version : Vivado v.2021.2 (lin64) Build 3367213 Tue Oct 19 02:47:39 MDT 2021
| Date         : Mon May  9 18:48:27 2022
| Host         : zain-PROJECT-SKU-NAME running 64-bit Ubuntu 18.04.2 LTS
| Command      : upgrade_ip
| Device       : xc7z010clg400-1
------------------------------------------------------------------------------------

Upgrade Log for IP 'design_1_calculator_ip_0_1'

1. Summary
----------

SUCCESS in the upgrade of design_1_calculator_ip_0_1 (user.org:user:calculator_ip:1.0) from (Rev. 3) to (Rev. 4)






Copyright 1986-2021 Xilinx, Inc. All Rights Reserved.
------------------------------------------------------------------------------------
| Tool Version : Vivado v.2021.2 (lin64) Build 3367213 Tue Oct 19 02:47:39 MDT 2021
| Date         : Mon May  9 18:34:59 2022
| Host         : zain-PROJECT-SKU-NAME running 64-bit Ubuntu 18.04.2 LTS
| Command      : upgrade_ip
| Device       : xc7z010clg400-1
------------------------------------------------------------------------------------

Upgrade Log for IP 'design_1_calculator_ip_0_1'

1. Summary
----------

SUCCESS in the upgrade of design_1_calculator_ip_0_1 (user.org:user:calculator_ip:1.0) from (Rev. 2) to (Rev. 3)

